{"E:\\Work\\6thSemester\\PROJECT_EResamont\\WorkSpace\\07AddUnitTest\\EResamont2\\App.js": {"path":"E:\\Work\\6thSemester\\PROJECT_EResamont\\WorkSpace\\07AddUnitTest\\EResamont2\\App.js","statementMap":{"0":{"start":{"line":6,"column":34},"end":{"line":6,"column":45}},"1":{"start":{"line":8,"column":2},"end":{"line":12,"column":4}}},"fnMap":{"0":{"name":"App","decl":{"start":{"line":5,"column":24},"end":{"line":5,"column":27}},"loc":{"start":{"line":5,"column":30},"end":{"line":13,"column":1}},"line":5}},"branchMap":{},"s":{"0":2,"1":2},"f":{"0":2},"b":{},"_coverageSchema":"43e27e138ebf9cfc5966b082cf9a028302ed4184","hash":"9d87654274f82c48542e8a70ce8a47829fc50d29"}
,"E:\\Work\\6thSemester\\PROJECT_EResamont\\WorkSpace\\07AddUnitTest\\EResamont2\\assets\\images\\logo_eresamont.png": {"path":"E:\\Work\\6thSemester\\PROJECT_EResamont\\WorkSpace\\07AddUnitTest\\EResamont2\\assets\\images\\logo_eresamont.png","statementMap":{"0":{"start":{"line":1,"column":0},"end":{"line":1,"column":19}}},"fnMap":{},"branchMap":{},"s":{"0":1},"f":{},"b":{},"_coverageSchema":"43e27e138ebf9cfc5966b082cf9a028302ed4184","hash":"3a5f077643a75d6bf8f2ebc22e30fed593bb90c4"}
,"E:\\Work\\6thSemester\\PROJECT_EResamont\\WorkSpace\\07AddUnitTest\\EResamont2\\assets\\images\\mountain.jpg": {"path":"E:\\Work\\6thSemester\\PROJECT_EResamont\\WorkSpace\\07AddUnitTest\\EResamont2\\assets\\images\\mountain.jpg","statementMap":{"0":{"start":{"line":1,"column":0},"end":{"line":1,"column":19}}},"fnMap":{},"branchMap":{},"s":{"0":3},"f":{},"b":{},"_coverageSchema":"43e27e138ebf9cfc5966b082cf9a028302ed4184","hash":"a8af748029904ce7b0860594bb6399ec26e6e9a1"}
,"E:\\Work\\6thSemester\\PROJECT_EResamont\\WorkSpace\\07AddUnitTest\\EResamont2\\assets\\test-pages\\Pages.js": {"path":"E:\\Work\\6thSemester\\PROJECT_EResamont\\WorkSpace\\07AddUnitTest\\EResamont2\\assets\\test-pages\\Pages.js","statementMap":{"0":{"start":{"line":1,"column":42},"end":{"line":49,"column":1}},"1":{"start":{"line":51,"column":37},"end":{"line":99,"column":1}},"2":{"start":{"line":101,"column":44},"end":{"line":270,"column":1}},"3":{"start":{"line":272,"column":45},"end":{"line":487,"column":1}}},"fnMap":{},"branchMap":{},"s":{"0":2,"1":2,"2":2,"3":2},"f":{},"b":{},"_coverageSchema":"43e27e138ebf9cfc5966b082cf9a028302ed4184","hash":"e7ffba2fc9982a0a02111e1bbd632a77430bf6a4"}
,"E:\\Work\\6thSemester\\PROJECT_EResamont\\WorkSpace\\07AddUnitTest\\EResamont2\\components\\ButtonView.js": {"path":"E:\\Work\\6thSemester\\PROJECT_EResamont\\WorkSpace\\07AddUnitTest\\EResamont2\\components\\ButtonView.js","statementMap":{"0":{"start":{"line":4,"column":19},"end":{"line":8,"column":1}},"1":{"start":{"line":5,"column":2},"end":{"line":7,"column":21}}},"fnMap":{"0":{"name":"(anonymous_0)","decl":{"start":{"line":4,"column":19},"end":{"line":4,"column":20}},"loc":{"start":{"line":5,"column":2},"end":{"line":7,"column":21}},"line":5}},"branchMap":{},"s":{"0":3,"1":12},"f":{"0":12},"b":{},"_coverageSchema":"43e27e138ebf9cfc5966b082cf9a028302ed4184","hash":"1f6bb94fe2cd9507870b9c8ffa95f5e5c2f2fb7a"}
,"E:\\Work\\6thSemester\\PROJECT_EResamont\\WorkSpace\\07AddUnitTest\\EResamont2\\components\\CustomDrawer.js": {"path":"E:\\Work\\6thSemester\\PROJECT_EResamont\\WorkSpace\\07AddUnitTest\\EResamont2\\components\\CustomDrawer.js","statementMap":{"0":{"start":{"line":17,"column":36},"end":{"line":17,"column":63}},"1":{"start":{"line":19,"column":20},"end":{"line":22,"column":3}},"2":{"start":{"line":19,"column":28},"end":{"line":22,"column":3}},"3":{"start":{"line":20,"column":4},"end":{"line":20,"column":30}},"4":{"start":{"line":21,"column":4},"end":{"line":21,"column":30}},"5":{"start":{"line":24,"column":24},"end":{"line":27,"column":3}},"6":{"start":{"line":24,"column":44},"end":{"line":27,"column":3}},"7":{"start":{"line":25,"column":4},"end":{"line":25,"column":34}},"8":{"start":{"line":26,"column":4},"end":{"line":26,"column":29}},"9":{"start":{"line":28,"column":22},"end":{"line":36,"column":3}},"10":{"start":{"line":29,"column":15},"end":{"line":29,"column":58}},"11":{"start":{"line":30,"column":4},"end":{"line":35,"column":5}},"12":{"start":{"line":31,"column":6},"end":{"line":31,"column":70}},"13":{"start":{"line":33,"column":16},"end":{"line":33,"column":54}},"14":{"start":{"line":34,"column":6},"end":{"line":34,"column":75}},"15":{"start":{"line":37,"column":20},"end":{"line":43,"column":3}},"16":{"start":{"line":38,"column":4},"end":{"line":38,"column":42}},"17":{"start":{"line":39,"column":15},"end":{"line":39,"column":48}},"18":{"start":{"line":40,"column":4},"end":{"line":42,"column":5}},"19":{"start":{"line":41,"column":6},"end":{"line":41,"column":65}},"20":{"start":{"line":44,"column":32},"end":{"line":57,"column":3}},"21":{"start":{"line":45,"column":4},"end":{"line":56,"column":6}},"22":{"start":{"line":49,"column":38},"end":{"line":49,"column":49}},"23":{"start":{"line":58,"column":2},"end":{"line":107,"column":4}},"24":{"start":{"line":102,"column":27},"end":{"line":102,"column":59}},"25":{"start":{"line":109,"column":20},"end":{"line":116,"column":2}}},"fnMap":{"0":{"name":"CustomDrawer","decl":{"start":{"line":16,"column":24},"end":{"line":16,"column":36}},"loc":{"start":{"line":16,"column":53},"end":{"line":108,"column":1}},"line":16},"1":{"name":"(anonymous_1)","decl":{"start":{"line":19,"column":20},"end":{"line":19,"column":21}},"loc":{"start":{"line":19,"column":28},"end":{"line":22,"column":3}},"line":19},"2":{"name":"(anonymous_2)","decl":{"start":{"line":19,"column":28},"end":{"line":19,"column":29}},"loc":{"start":{"line":19,"column":34},"end":{"line":22,"column":3}},"line":19},"3":{"name":"(anonymous_3)","decl":{"start":{"line":24,"column":24},"end":{"line":24,"column":25}},"loc":{"start":{"line":24,"column":44},"end":{"line":27,"column":3}},"line":24},"4":{"name":"(anonymous_4)","decl":{"start":{"line":24,"column":44},"end":{"line":24,"column":45}},"loc":{"start":{"line":24,"column":50},"end":{"line":27,"column":3}},"line":24},"5":{"name":"(anonymous_5)","decl":{"start":{"line":28,"column":22},"end":{"line":28,"column":23}},"loc":{"start":{"line":28,"column":34},"end":{"line":36,"column":3}},"line":28},"6":{"name":"(anonymous_6)","decl":{"start":{"line":37,"column":20},"end":{"line":37,"column":21}},"loc":{"start":{"line":37,"column":32},"end":{"line":43,"column":3}},"line":37},"7":{"name":"(anonymous_7)","decl":{"start":{"line":44,"column":32},"end":{"line":44,"column":33}},"loc":{"start":{"line":44,"column":44},"end":{"line":57,"column":3}},"line":44},"8":{"name":"(anonymous_8)","decl":{"start":{"line":49,"column":32},"end":{"line":49,"column":33}},"loc":{"start":{"line":49,"column":38},"end":{"line":49,"column":49}},"line":49},"9":{"name":"(anonymous_9)","decl":{"start":{"line":102,"column":21},"end":{"line":102,"column":22}},"loc":{"start":{"line":102,"column":27},"end":{"line":102,"column":59}},"line":102}},"branchMap":{"0":{"loc":{"start":{"line":30,"column":4},"end":{"line":35,"column":5}},"type":"if","locations":[{"start":{"line":30,"column":4},"end":{"line":35,"column":5}},{"start":{"line":30,"column":4},"end":{"line":35,"column":5}}],"line":30},"1":{"loc":{"start":{"line":34,"column":6},"end":{"line":34,"column":74}},"type":"binary-expr","locations":[{"start":{"line":34,"column":6},"end":{"line":34,"column":18}},{"start":{"line":34,"column":22},"end":{"line":34,"column":74}}],"line":34},"2":{"loc":{"start":{"line":40,"column":4},"end":{"line":42,"column":5}},"type":"if","locations":[{"start":{"line":40,"column":4},"end":{"line":42,"column":5}},{"start":{"line":40,"column":4},"end":{"line":42,"column":5}}],"line":40}},"s":{"0":1,"1":1,"2":1,"3":0,"4":0,"5":1,"6":3,"7":0,"8":0,"9":1,"10":0,"11":0,"12":0,"13":0,"14":0,"15":1,"16":0,"17":0,"18":0,"19":0,"20":1,"21":0,"22":0,"23":1,"24":0,"25":1},"f":{"0":1,"1":1,"2":0,"3":3,"4":0,"5":0,"6":0,"7":0,"8":0,"9":0},"b":{"0":[0,0],"1":[0,0],"2":[0,0]},"_coverageSchema":"43e27e138ebf9cfc5966b082cf9a028302ed4184","hash":"28d6d84dd2bb4473d50c1148767a24d4dbee9ccc"}
,"E:\\Work\\6thSemester\\PROJECT_EResamont\\WorkSpace\\07AddUnitTest\\EResamont2\\components\\Header.js": {"path":"E:\\Work\\6thSemester\\PROJECT_EResamont\\WorkSpace\\07AddUnitTest\\EResamont2\\components\\Header.js","statementMap":{"0":{"start":{"line":6,"column":19},"end":{"line":8,"column":3}},"1":{"start":{"line":7,"column":4},"end":{"line":7,"column":28}},"2":{"start":{"line":10,"column":2},"end":{"line":22,"column":4}},"3":{"start":{"line":25,"column":20},"end":{"line":31,"column":2}}},"fnMap":{"0":{"name":"Header","decl":{"start":{"line":5,"column":24},"end":{"line":5,"column":30}},"loc":{"start":{"line":5,"column":54},"end":{"line":23,"column":1}},"line":5},"1":{"name":"(anonymous_1)","decl":{"start":{"line":6,"column":19},"end":{"line":6,"column":20}},"loc":{"start":{"line":6,"column":25},"end":{"line":8,"column":3}},"line":6}},"branchMap":{},"s":{"0":1,"1":0,"2":1,"3":1},"f":{"0":1,"1":0},"b":{},"_coverageSchema":"43e27e138ebf9cfc5966b082cf9a028302ed4184","hash":"709fb4bbf166c5068750ea90d4a3d5fbf137b53f"}
,"E:\\Work\\6thSemester\\PROJECT_EResamont\\WorkSpace\\07AddUnitTest\\EResamont2\\screens\\Home.js": {"path":"E:\\Work\\6thSemester\\PROJECT_EResamont\\WorkSpace\\07AddUnitTest\\EResamont2\\screens\\Home.js","statementMap":{"0":{"start":{"line":23,"column":26},"end":{"line":23,"column":38}},"1":{"start":{"line":24,"column":36},"end":{"line":24,"column":63}},"2":{"start":{"line":26,"column":2},"end":{"line":28,"column":9}},"3":{"start":{"line":27,"column":4},"end":{"line":27,"column":18}},"4":{"start":{"line":29,"column":20},"end":{"line":40,"column":3}},"5":{"start":{"line":32,"column":15},"end":{"line":32,"column":19}},"6":{"start":{"line":33,"column":21},"end":{"line":33,"column":54}},"7":{"start":{"line":34,"column":4},"end":{"line":38,"column":5}},"8":{"start":{"line":35,"column":6},"end":{"line":35,"column":38}},"9":{"start":{"line":37,"column":6},"end":{"line":37,"column":48}},"10":{"start":{"line":39,"column":4},"end":{"line":39,"column":18}},"11":{"start":{"line":41,"column":25},"end":{"line":46,"column":3}},"12":{"start":{"line":42,"column":21},"end":{"line":42,"column":54}},"13":{"start":{"line":43,"column":21},"end":{"line":43,"column":48}},"14":{"start":{"line":44,"column":4},"end":{"line":44,"column":50}},"15":{"start":{"line":45,"column":4},"end":{"line":45,"column":22}},"16":{"start":{"line":47,"column":26},"end":{"line":52,"column":3}},"17":{"start":{"line":48,"column":20},"end":{"line":48,"column":22}},"18":{"start":{"line":49,"column":4},"end":{"line":49,"column":60}},"19":{"start":{"line":49,"column":36},"end":{"line":49,"column":58}},"20":{"start":{"line":50,"column":4},"end":{"line":50,"column":48}},"21":{"start":{"line":51,"column":4},"end":{"line":51,"column":21}},"22":{"start":{"line":54,"column":2},"end":{"line":90,"column":4}},"23":{"start":{"line":70,"column":16},"end":{"line":79,"column":18}},"24":{"start":{"line":77,"column":33},"end":{"line":77,"column":67}},"25":{"start":{"line":93,"column":20},"end":{"line":111,"column":2}}},"fnMap":{"0":{"name":"Home","decl":{"start":{"line":22,"column":24},"end":{"line":22,"column":28}},"loc":{"start":{"line":22,"column":45},"end":{"line":91,"column":1}},"line":22},"1":{"name":"(anonymous_1)","decl":{"start":{"line":26,"column":12},"end":{"line":26,"column":13}},"loc":{"start":{"line":26,"column":18},"end":{"line":28,"column":3}},"line":26},"2":{"name":"(anonymous_2)","decl":{"start":{"line":29,"column":20},"end":{"line":29,"column":21}},"loc":{"start":{"line":29,"column":32},"end":{"line":40,"column":3}},"line":29},"3":{"name":"(anonymous_3)","decl":{"start":{"line":41,"column":25},"end":{"line":41,"column":26}},"loc":{"start":{"line":41,"column":37},"end":{"line":46,"column":3}},"line":41},"4":{"name":"(anonymous_4)","decl":{"start":{"line":47,"column":26},"end":{"line":47,"column":27}},"loc":{"start":{"line":47,"column":34},"end":{"line":52,"column":3}},"line":47},"5":{"name":"(anonymous_5)","decl":{"start":{"line":49,"column":28},"end":{"line":49,"column":29}},"loc":{"start":{"line":49,"column":36},"end":{"line":49,"column":58}},"line":49},"6":{"name":"(anonymous_6)","decl":{"start":{"line":69,"column":23},"end":{"line":69,"column":24}},"loc":{"start":{"line":70,"column":16},"end":{"line":79,"column":18}},"line":70},"7":{"name":"(anonymous_7)","decl":{"start":{"line":77,"column":27},"end":{"line":77,"column":28}},"loc":{"start":{"line":77,"column":33},"end":{"line":77,"column":67}},"line":77}},"branchMap":{"0":{"loc":{"start":{"line":34,"column":4},"end":{"line":38,"column":5}},"type":"if","locations":[{"start":{"line":34,"column":4},"end":{"line":38,"column":5}},{"start":{"line":34,"column":4},"end":{"line":38,"column":5}}],"line":34},"1":{"loc":{"start":{"line":68,"column":13},"end":{"line":85,"column":13}},"type":"cond-expr","locations":[{"start":{"line":69,"column":14},"end":{"line":80,"column":16}},{"start":{"line":82,"column":14},"end":{"line":84,"column":21}}],"line":68}},"s":{"0":1,"1":1,"2":1,"3":0,"4":1,"5":0,"6":0,"7":0,"8":0,"9":0,"10":0,"11":1,"12":0,"13":0,"14":0,"15":0,"16":1,"17":0,"18":0,"19":0,"20":0,"21":0,"22":1,"23":0,"24":0,"25":1},"f":{"0":1,"1":0,"2":0,"3":0,"4":0,"5":0,"6":0,"7":0},"b":{"0":[0,0],"1":[0,1]},"_coverageSchema":"43e27e138ebf9cfc5966b082cf9a028302ed4184","hash":"ab1a297152ad0c8cbe23fd758920935e0314851c"}
,"E:\\Work\\6thSemester\\PROJECT_EResamont\\WorkSpace\\07AddUnitTest\\EResamont2\\screens\\SubScreen.js": {"path":"E:\\Work\\6thSemester\\PROJECT_EResamont\\WorkSpace\\07AddUnitTest\\EResamont2\\screens\\SubScreen.js","statementMap":{"0":{"start":{"line":16,"column":24},"end":{"line":16,"column":57}},"1":{"start":{"line":17,"column":36},"end":{"line":17,"column":63}},"2":{"start":{"line":19,"column":2},"end":{"line":129,"column":3}},"3":{"start":{"line":20,"column":4},"end":{"line":47,"column":6}},"4":{"start":{"line":48,"column":9},"end":{"line":129,"column":3}},"5":{"start":{"line":54,"column":4},"end":{"line":97,"column":6}},"6":{"start":{"line":79,"column":16},"end":{"line":92,"column":17}},"7":{"start":{"line":89,"column":22},"end":{"line":89,"column":58}},"8":{"start":{"line":99,"column":4},"end":{"line":128,"column":6}},"9":{"start":{"line":110,"column":16},"end":{"line":123,"column":17}},"10":{"start":{"line":120,"column":22},"end":{"line":120,"column":58}},"11":{"start":{"line":132,"column":15},"end":{"line":132,"column":58}},"12":{"start":{"line":133,"column":20},"end":{"line":149,"column":2}}},"fnMap":{"0":{"name":"SubScreen","decl":{"start":{"line":15,"column":24},"end":{"line":15,"column":33}},"loc":{"start":{"line":15,"column":50},"end":{"line":130,"column":1}},"line":15},"1":{"name":"(anonymous_1)","decl":{"start":{"line":78,"column":14},"end":{"line":78,"column":15}},"loc":{"start":{"line":79,"column":16},"end":{"line":92,"column":17}},"line":79},"2":{"name":"(anonymous_2)","decl":{"start":{"line":88,"column":29},"end":{"line":88,"column":30}},"loc":{"start":{"line":88,"column":35},"end":{"line":90,"column":21}},"line":88},"3":{"name":"(anonymous_3)","decl":{"start":{"line":109,"column":14},"end":{"line":109,"column":15}},"loc":{"start":{"line":110,"column":16},"end":{"line":123,"column":17}},"line":110},"4":{"name":"(anonymous_4)","decl":{"start":{"line":119,"column":29},"end":{"line":119,"column":30}},"loc":{"start":{"line":119,"column":35},"end":{"line":121,"column":21}},"line":119}},"branchMap":{"0":{"loc":{"start":{"line":19,"column":2},"end":{"line":129,"column":3}},"type":"if","locations":[{"start":{"line":19,"column":2},"end":{"line":129,"column":3}},{"start":{"line":19,"column":2},"end":{"line":129,"column":3}}],"line":19},"1":{"loc":{"start":{"line":22,"column":9},"end":{"line":45,"column":9}},"type":"binary-expr","locations":[{"start":{"line":22,"column":10},"end":{"line":23,"column":26}},{"start":{"line":24,"column":10},"end":{"line":25,"column":23}},{"start":{"line":26,"column":10},"end":{"line":44,"column":12}}],"line":22},"2":{"loc":{"start":{"line":30,"column":16},"end":{"line":38,"column":26}},"type":"cond-expr","locations":[{"start":{"line":33,"column":20},"end":{"line":35,"column":31}},{"start":{"line":36,"column":20},"end":{"line":38,"column":26}}],"line":30},"3":{"loc":{"start":{"line":48,"column":9},"end":{"line":129,"column":3}},"type":"if","locations":[{"start":{"line":48,"column":9},"end":{"line":129,"column":3}},{"start":{"line":48,"column":9},"end":{"line":129,"column":3}}],"line":48},"4":{"loc":{"start":{"line":49,"column":4},"end":{"line":52,"column":17}},"type":"binary-expr","locations":[{"start":{"line":49,"column":4},"end":{"line":50,"column":22}},{"start":{"line":51,"column":4},"end":{"line":52,"column":17}}],"line":49},"5":{"loc":{"start":{"line":64,"column":16},"end":{"line":72,"column":57}},"type":"cond-expr","locations":[{"start":{"line":67,"column":20},"end":{"line":69,"column":62}},{"start":{"line":70,"column":20},"end":{"line":72,"column":57}}],"line":64},"6":{"loc":{"start":{"line":79,"column":16},"end":{"line":92,"column":17}},"type":"binary-expr","locations":[{"start":{"line":79,"column":16},"end":{"line":79,"column":39}},{"start":{"line":80,"column":18},"end":{"line":91,"column":20}}],"line":79},"7":{"loc":{"start":{"line":110,"column":16},"end":{"line":123,"column":17}},"type":"binary-expr","locations":[{"start":{"line":110,"column":16},"end":{"line":110,"column":39}},{"start":{"line":111,"column":18},"end":{"line":122,"column":20}}],"line":110}},"s":{"0":7,"1":7,"2":7,"3":5,"4":2,"5":1,"6":4,"7":0,"8":1,"9":4,"10":0,"11":1,"12":1},"f":{"0":7,"1":4,"2":0,"3":4,"4":0},"b":{"0":[5,2],"1":[5,4,5],"2":[1,4],"3":[1,1],"4":[2,1],"5":[1,0],"6":[4,4],"7":[4,4]},"_coverageSchema":"43e27e138ebf9cfc5966b082cf9a028302ed4184","hash":"be2dac10d277b4867e3c54955933dd43465c41f9"}
,"E:\\Work\\6thSemester\\PROJECT_EResamont\\WorkSpace\\07AddUnitTest\\EResamont2\\shared\\LanguageContext.js": {"path":"E:\\Work\\6thSemester\\PROJECT_EResamont\\WorkSpace\\07AddUnitTest\\EResamont2\\shared\\LanguageContext.js","statementMap":{"0":{"start":{"line":3,"column":31},"end":{"line":3,"column":46}}},"fnMap":{},"branchMap":{},"s":{"0":4},"f":{},"b":{},"_coverageSchema":"43e27e138ebf9cfc5966b082cf9a028302ed4184","hash":"d1ecf5b0d081c74e3e94e9c86eaa2103f9a3b640"}
,"E:\\Work\\6thSemester\\PROJECT_EResamont\\WorkSpace\\07AddUnitTest\\EResamont2\\styles\\global.js": {"path":"E:\\Work\\6thSemester\\PROJECT_EResamont\\WorkSpace\\07AddUnitTest\\EResamont2\\styles\\global.js","statementMap":{"0":{"start":{"line":3,"column":26},"end":{"line":3,"column":35}},"1":{"start":{"line":4,"column":28},"end":{"line":4,"column":37}},"2":{"start":{"line":5,"column":19},"end":{"line":5,"column":38}},"3":{"start":{"line":7,"column":20},"end":{"line":15,"column":1}},"4":{"start":{"line":16,"column":28},"end":{"line":86,"column":2}}},"fnMap":{},"branchMap":{},"s":{"0":4,"1":4,"2":4,"3":4,"4":4},"f":{},"b":{},"_coverageSchema":"43e27e138ebf9cfc5966b082cf9a028302ed4184","hash":"4c33a13249243b0dea5c965fb245a52ca09744f8"}
,"E:\\Work\\6thSemester\\PROJECT_EResamont\\WorkSpace\\07AddUnitTest\\EResamont2\\utils\\requestPage.js": {"path":"E:\\Work\\6thSemester\\PROJECT_EResamont\\WorkSpace\\07AddUnitTest\\EResamont2\\utils\\requestPage.js","statementMap":{"0":{"start":{"line":3,"column":21},"end":{"line":3,"column":58}},"1":{"start":{"line":7,"column":4},"end":{"line":7,"column":57}},"2":{"start":{"line":8,"column":4},"end":{"line":8,"column":40}},"3":{"start":{"line":9,"column":4},"end":{"line":22,"column":5}},"4":{"start":{"line":10,"column":21},"end":{"line":15,"column":8}},"5":{"start":{"line":16,"column":22},"end":{"line":16,"column":42}},"6":{"start":{"line":17,"column":6},"end":{"line":17,"column":63}},"7":{"start":{"line":18,"column":6},"end":{"line":18,"column":74}},"8":{"start":{"line":19,"column":6},"end":{"line":19,"column":35}},"9":{"start":{"line":21,"column":6},"end":{"line":21,"column":23}},"10":{"start":{"line":25,"column":4},"end":{"line":35,"column":5}},"11":{"start":{"line":26,"column":21},"end":{"line":31,"column":8}},"12":{"start":{"line":32,"column":6},"end":{"line":32,"column":35}},"13":{"start":{"line":34,"column":6},"end":{"line":34,"column":23}},"14":{"start":{"line":38,"column":4},"end":{"line":38,"column":57}},"15":{"start":{"line":39,"column":4},"end":{"line":39,"column":65}},"16":{"start":{"line":40,"column":4},"end":{"line":44,"column":5}},"17":{"start":{"line":41,"column":6},"end":{"line":41,"column":64}},"18":{"start":{"line":42,"column":6},"end":{"line":42,"column":50}},"19":{"start":{"line":43,"column":6},"end":{"line":43,"column":38}},"20":{"start":{"line":45,"column":4},"end":{"line":55,"column":5}},"21":{"start":{"line":46,"column":21},"end":{"line":51,"column":8}},"22":{"start":{"line":52,"column":6},"end":{"line":52,"column":35}},"23":{"start":{"line":54,"column":6},"end":{"line":54,"column":23}}},"fnMap":{"0":{"name":"(anonymous_0)","decl":{"start":{"line":6,"column":2},"end":{"line":6,"column":3}},"loc":{"start":{"line":6,"column":31},"end":{"line":23,"column":3}},"line":6},"1":{"name":"(anonymous_1)","decl":{"start":{"line":24,"column":2},"end":{"line":24,"column":3}},"loc":{"start":{"line":24,"column":29},"end":{"line":36,"column":3}},"line":24},"2":{"name":"(anonymous_2)","decl":{"start":{"line":37,"column":2},"end":{"line":37,"column":3}},"loc":{"start":{"line":37,"column":46},"end":{"line":56,"column":3}},"line":37}},"branchMap":{"0":{"loc":{"start":{"line":40,"column":4},"end":{"line":44,"column":5}},"type":"if","locations":[{"start":{"line":40,"column":4},"end":{"line":44,"column":5}},{"start":{"line":40,"column":4},"end":{"line":44,"column":5}}],"line":40}},"s":{"0":3,"1":1,"2":1,"3":1,"4":1,"5":0,"6":0,"7":0,"8":0,"9":1,"10":1,"11":1,"12":0,"13":1,"14":1,"15":1,"16":1,"17":0,"18":0,"19":0,"20":1,"21":1,"22":0,"23":1},"f":{"0":1,"1":1,"2":1},"b":{"0":[0,1]},"_coverageSchema":"43e27e138ebf9cfc5966b082cf9a028302ed4184","hash":"6c508d9355c167bb93a7e036fbbc5e706f67736b"}
,"E:\\Work\\6thSemester\\PROJECT_EResamont\\WorkSpace\\07AddUnitTest\\EResamont2\\utils\\storage.js": {"path":"E:\\Work\\6thSemester\\PROJECT_EResamont\\WorkSpace\\07AddUnitTest\\EResamont2\\utils\\storage.js","statementMap":{"0":{"start":{"line":6,"column":17},"end":{"line":6,"column":45}},"1":{"start":{"line":10,"column":4},"end":{"line":10,"column":57}},"2":{"start":{"line":11,"column":4},"end":{"line":11,"column":43}},"3":{"start":{"line":12,"column":17},"end":{"line":12,"column":21}},"4":{"start":{"line":13,"column":4},"end":{"line":19,"column":5}},"5":{"start":{"line":13,"column":17},"end":{"line":13,"column":18}},"6":{"start":{"line":14,"column":17},"end":{"line":14,"column":69}},"7":{"start":{"line":15,"column":6},"end":{"line":18,"column":7}},"8":{"start":{"line":16,"column":8},"end":{"line":16,"column":23}},"9":{"start":{"line":17,"column":8},"end":{"line":17,"column":64}},"10":{"start":{"line":21,"column":4},"end":{"line":21,"column":49}},"11":{"start":{"line":22,"column":4},"end":{"line":22,"column":18}},"12":{"start":{"line":26,"column":4},"end":{"line":26,"column":57}},"13":{"start":{"line":27,"column":4},"end":{"line":27,"column":48}},"14":{"start":{"line":28,"column":4},"end":{"line":38,"column":5}},"15":{"start":{"line":29,"column":6},"end":{"line":35,"column":9}},"16":{"start":{"line":30,"column":8},"end":{"line":33,"column":10}},"17":{"start":{"line":34,"column":8},"end":{"line":34,"column":67}},"18":{"start":{"line":37,"column":6},"end":{"line":37,"column":21}},"19":{"start":{"line":41,"column":4},"end":{"line":41,"column":57}},"20":{"start":{"line":42,"column":4},"end":{"line":42,"column":39}},"21":{"start":{"line":43,"column":4},"end":{"line":52,"column":5}},"22":{"start":{"line":44,"column":23},"end":{"line":44,"column":25}},"23":{"start":{"line":45,"column":6},"end":{"line":48,"column":7}},"24":{"start":{"line":45,"column":19},"end":{"line":45,"column":20}},"25":{"start":{"line":46,"column":22},"end":{"line":46,"column":79}},"26":{"start":{"line":47,"column":8},"end":{"line":47,"column":45}},"27":{"start":{"line":49,"column":6},"end":{"line":49,"column":30}},"28":{"start":{"line":51,"column":6},"end":{"line":51,"column":23}},"29":{"start":{"line":55,"column":4},"end":{"line":55,"column":57}},"30":{"start":{"line":56,"column":4},"end":{"line":56,"column":39}},"31":{"start":{"line":57,"column":4},"end":{"line":77,"column":5}},"32":{"start":{"line":58,"column":6},"end":{"line":58,"column":39}},"33":{"start":{"line":59,"column":6},"end":{"line":59,"column":19}},"34":{"start":{"line":61,"column":6},"end":{"line":76,"column":7}},"35":{"start":{"line":62,"column":8},"end":{"line":68,"column":11}},"36":{"start":{"line":63,"column":10},"end":{"line":66,"column":12}},"37":{"start":{"line":67,"column":10},"end":{"line":67,"column":71}},"38":{"start":{"line":69,"column":8},"end":{"line":69,"column":36}},"39":{"start":{"line":70,"column":24},"end":{"line":70,"column":44}},"40":{"start":{"line":71,"column":8},"end":{"line":71,"column":55}},"41":{"start":{"line":72,"column":8},"end":{"line":72,"column":76}},"42":{"start":{"line":73,"column":8},"end":{"line":73,"column":20}},"43":{"start":{"line":75,"column":8},"end":{"line":75,"column":25}},"44":{"start":{"line":80,"column":4},"end":{"line":80,"column":57}},"45":{"start":{"line":81,"column":4},"end":{"line":81,"column":39}},"46":{"start":{"line":82,"column":4},"end":{"line":91,"column":5}},"47":{"start":{"line":83,"column":6},"end":{"line":87,"column":7}},"48":{"start":{"line":83,"column":19},"end":{"line":83,"column":20}},"49":{"start":{"line":84,"column":8},"end":{"line":86,"column":11}},"50":{"start":{"line":88,"column":6},"end":{"line":88,"column":40}},"51":{"start":{"line":90,"column":6},"end":{"line":90,"column":21}}},"fnMap":{"0":{"name":"(anonymous_0)","decl":{"start":{"line":9,"column":2},"end":{"line":9,"column":3}},"loc":{"start":{"line":9,"column":35},"end":{"line":23,"column":3}},"line":9},"1":{"name":"(anonymous_1)","decl":{"start":{"line":25,"column":2},"end":{"line":25,"column":3}},"loc":{"start":{"line":25,"column":41},"end":{"line":39,"column":3}},"line":25},"2":{"name":"(anonymous_2)","decl":{"start":{"line":29,"column":19},"end":{"line":29,"column":20}},"loc":{"start":{"line":29,"column":27},"end":{"line":35,"column":7}},"line":29},"3":{"name":"(anonymous_3)","decl":{"start":{"line":40,"column":2},"end":{"line":40,"column":3}},"loc":{"start":{"line":40,"column":36},"end":{"line":53,"column":3}},"line":40},"4":{"name":"(anonymous_4)","decl":{"start":{"line":54,"column":2},"end":{"line":54,"column":3}},"loc":{"start":{"line":54,"column":40},"end":{"line":78,"column":3}},"line":54},"5":{"name":"(anonymous_5)","decl":{"start":{"line":62,"column":21},"end":{"line":62,"column":22}},"loc":{"start":{"line":62,"column":29},"end":{"line":68,"column":9}},"line":62},"6":{"name":"(anonymous_6)","decl":{"start":{"line":79,"column":2},"end":{"line":79,"column":3}},"loc":{"start":{"line":79,"column":39},"end":{"line":92,"column":3}},"line":79}},"branchMap":{"0":{"loc":{"start":{"line":15,"column":6},"end":{"line":18,"column":7}},"type":"if","locations":[{"start":{"line":15,"column":6},"end":{"line":18,"column":7}},{"start":{"line":15,"column":6},"end":{"line":18,"column":7}}],"line":15},"1":{"loc":{"start":{"line":15,"column":10},"end":{"line":15,"column":61}},"type":"binary-expr","locations":[{"start":{"line":15,"column":10},"end":{"line":15,"column":31}},{"start":{"line":15,"column":35},"end":{"line":15,"column":61}}],"line":15},"2":{"loc":{"start":{"line":57,"column":4},"end":{"line":77,"column":5}},"type":"if","locations":[{"start":{"line":57,"column":4},"end":{"line":77,"column":5}},{"start":{"line":57,"column":4},"end":{"line":77,"column":5}}],"line":57}},"s":{"0":3,"1":1,"2":1,"3":1,"4":1,"5":1,"6":7,"7":7,"8":0,"9":0,"10":1,"11":1,"12":1,"13":1,"14":1,"15":1,"16":0,"17":0,"18":1,"19":1,"20":1,"21":1,"22":1,"23":1,"24":1,"25":1,"26":1,"27":0,"28":1,"29":1,"30":1,"31":1,"32":0,"33":0,"34":1,"35":1,"36":0,"37":0,"38":0,"39":0,"40":0,"41":0,"42":0,"43":1,"44":1,"45":1,"46":1,"47":1,"48":1,"49":7,"50":1,"51":0},"f":{"0":1,"1":1,"2":0,"3":1,"4":1,"5":0,"6":1},"b":{"0":[0,7],"1":[7,0],"2":[0,1]},"_coverageSchema":"43e27e138ebf9cfc5966b082cf9a028302ed4184","hash":"06ee738eb3d866886edbec774a9fb4306d958901"}
,"E:\\Work\\6thSemester\\PROJECT_EResamont\\WorkSpace\\07AddUnitTest\\EResamont2\\utils\\utilities.js": {"path":"E:\\Work\\6thSemester\\PROJECT_EResamont\\WorkSpace\\07AddUnitTest\\EResamont2\\utils\\utilities.js","statementMap":{"0":{"start":{"line":3,"column":16},"end":{"line":3,"column":69}},"1":{"start":{"line":3,"column":39},"end":{"line":3,"column":68}},"2":{"start":{"line":4,"column":4},"end":{"line":4,"column":17}}},"fnMap":{"0":{"name":"(anonymous_0)","decl":{"start":{"line":2,"column":2},"end":{"line":2,"column":3}},"loc":{"start":{"line":2,"column":43},"end":{"line":5,"column":3}},"line":2},"1":{"name":"(anonymous_1)","decl":{"start":{"line":3,"column":31},"end":{"line":3,"column":32}},"loc":{"start":{"line":3,"column":39},"end":{"line":3,"column":68}},"line":3}},"branchMap":{},"s":{"0":32,"1":64,"2":32},"f":{"0":32,"1":64},"b":{},"_coverageSchema":"43e27e138ebf9cfc5966b082cf9a028302ed4184","hash":"ef3af00c47d178c65bae90df59ebf43afc92a7ee"}
}
