{"E:\\Work\\6thSemester\\PROJECT_EResamont\\WorkSpace\\09StartSprint2AndAddReactTesting\\EResamont2\\assets\\images\\mountain.jpg": {"path":"E:\\Work\\6thSemester\\PROJECT_EResamont\\WorkSpace\\09StartSprint2AndAddReactTesting\\EResamont2\\assets\\images\\mountain.jpg","statementMap":{"0":{"start":{"line":1,"column":0},"end":{"line":1,"column":19}}},"fnMap":{},"branchMap":{},"s":{"0":1},"f":{},"b":{},"_coverageSchema":"43e27e138ebf9cfc5966b082cf9a028302ed4184","hash":"00b4df9939d5888d5cb34aac3d52a4f2b776ff5b"}
,"E:\\Work\\6thSemester\\PROJECT_EResamont\\WorkSpace\\09StartSprint2AndAddReactTesting\\EResamont2\\components\\ButtonView.js": {"path":"E:\\Work\\6thSemester\\PROJECT_EResamont\\WorkSpace\\09StartSprint2AndAddReactTesting\\EResamont2\\components\\ButtonView.js","statementMap":{"0":{"start":{"line":4,"column":19},"end":{"line":8,"column":1}},"1":{"start":{"line":5,"column":2},"end":{"line":7,"column":21}}},"fnMap":{"0":{"name":"(anonymous_0)","decl":{"start":{"line":4,"column":19},"end":{"line":4,"column":20}},"loc":{"start":{"line":5,"column":2},"end":{"line":7,"column":21}},"line":5}},"branchMap":{},"s":{"0":1,"1":24},"f":{"0":24},"b":{},"_coverageSchema":"43e27e138ebf9cfc5966b082cf9a028302ed4184","hash":"375d8967cd0de7cfe2ab6cea33cddd78fd9564d3"}
,"E:\\Work\\6thSemester\\PROJECT_EResamont\\WorkSpace\\09StartSprint2AndAddReactTesting\\EResamont2\\components\\CustomDrawer.js": {"path":"E:\\Work\\6thSemester\\PROJECT_EResamont\\WorkSpace\\09StartSprint2AndAddReactTesting\\EResamont2\\components\\CustomDrawer.js","statementMap":{"0":{"start":{"line":18,"column":26},"end":{"line":18,"column":53}},"1":{"start":{"line":20,"column":20},"end":{"line":23,"column":3}},"2":{"start":{"line":20,"column":28},"end":{"line":23,"column":3}},"3":{"start":{"line":21,"column":4},"end":{"line":21,"column":30}},"4":{"start":{"line":22,"column":4},"end":{"line":22,"column":30}},"5":{"start":{"line":25,"column":24},"end":{"line":29,"column":3}},"6":{"start":{"line":25,"column":44},"end":{"line":29,"column":3}},"7":{"start":{"line":26,"column":4},"end":{"line":26,"column":49}},"8":{"start":{"line":27,"column":4},"end":{"line":27,"column":34}},"9":{"start":{"line":28,"column":4},"end":{"line":28,"column":29}},"10":{"start":{"line":30,"column":22},"end":{"line":38,"column":3}},"11":{"start":{"line":31,"column":15},"end":{"line":31,"column":58}},"12":{"start":{"line":32,"column":4},"end":{"line":37,"column":5}},"13":{"start":{"line":33,"column":6},"end":{"line":33,"column":70}},"14":{"start":{"line":35,"column":16},"end":{"line":35,"column":54}},"15":{"start":{"line":36,"column":6},"end":{"line":36,"column":75}},"16":{"start":{"line":39,"column":20},"end":{"line":45,"column":3}},"17":{"start":{"line":40,"column":4},"end":{"line":40,"column":42}},"18":{"start":{"line":41,"column":15},"end":{"line":41,"column":48}},"19":{"start":{"line":42,"column":4},"end":{"line":44,"column":5}},"20":{"start":{"line":43,"column":6},"end":{"line":43,"column":65}},"21":{"start":{"line":46,"column":32},"end":{"line":59,"column":3}},"22":{"start":{"line":47,"column":4},"end":{"line":58,"column":6}},"23":{"start":{"line":51,"column":38},"end":{"line":51,"column":49}},"24":{"start":{"line":61,"column":33},"end":{"line":77,"column":3}},"25":{"start":{"line":62,"column":17},"end":{"line":62,"column":52}},"26":{"start":{"line":63,"column":4},"end":{"line":76,"column":5}},"27":{"start":{"line":64,"column":6},"end":{"line":75,"column":8}},"28":{"start":{"line":68,"column":40},"end":{"line":68,"column":72}},"29":{"start":{"line":79,"column":2},"end":{"line":143,"column":4}},"30":{"start":{"line":105,"column":45},"end":{"line":105,"column":71}},"31":{"start":{"line":111,"column":45},"end":{"line":111,"column":72}},"32":{"start":{"line":138,"column":27},"end":{"line":138,"column":59}},"33":{"start":{"line":145,"column":20},"end":{"line":152,"column":2}}},"fnMap":{"0":{"name":"CustomDrawer","decl":{"start":{"line":17,"column":24},"end":{"line":17,"column":36}},"loc":{"start":{"line":17,"column":53},"end":{"line":144,"column":1}},"line":17},"1":{"name":"(anonymous_1)","decl":{"start":{"line":20,"column":20},"end":{"line":20,"column":21}},"loc":{"start":{"line":20,"column":28},"end":{"line":23,"column":3}},"line":20},"2":{"name":"(anonymous_2)","decl":{"start":{"line":20,"column":28},"end":{"line":20,"column":29}},"loc":{"start":{"line":20,"column":34},"end":{"line":23,"column":3}},"line":20},"3":{"name":"(anonymous_3)","decl":{"start":{"line":25,"column":24},"end":{"line":25,"column":25}},"loc":{"start":{"line":25,"column":44},"end":{"line":29,"column":3}},"line":25},"4":{"name":"(anonymous_4)","decl":{"start":{"line":25,"column":44},"end":{"line":25,"column":45}},"loc":{"start":{"line":25,"column":50},"end":{"line":29,"column":3}},"line":25},"5":{"name":"(anonymous_5)","decl":{"start":{"line":30,"column":22},"end":{"line":30,"column":23}},"loc":{"start":{"line":30,"column":34},"end":{"line":38,"column":3}},"line":30},"6":{"name":"(anonymous_6)","decl":{"start":{"line":39,"column":20},"end":{"line":39,"column":21}},"loc":{"start":{"line":39,"column":32},"end":{"line":45,"column":3}},"line":39},"7":{"name":"(anonymous_7)","decl":{"start":{"line":46,"column":32},"end":{"line":46,"column":33}},"loc":{"start":{"line":46,"column":44},"end":{"line":59,"column":3}},"line":46},"8":{"name":"(anonymous_8)","decl":{"start":{"line":51,"column":32},"end":{"line":51,"column":33}},"loc":{"start":{"line":51,"column":38},"end":{"line":51,"column":49}},"line":51},"9":{"name":"(anonymous_9)","decl":{"start":{"line":61,"column":33},"end":{"line":61,"column":34}},"loc":{"start":{"line":61,"column":50},"end":{"line":77,"column":3}},"line":61},"10":{"name":"(anonymous_10)","decl":{"start":{"line":68,"column":34},"end":{"line":68,"column":35}},"loc":{"start":{"line":68,"column":40},"end":{"line":68,"column":72}},"line":68},"11":{"name":"(anonymous_11)","decl":{"start":{"line":105,"column":39},"end":{"line":105,"column":40}},"loc":{"start":{"line":105,"column":45},"end":{"line":105,"column":71}},"line":105},"12":{"name":"(anonymous_12)","decl":{"start":{"line":111,"column":39},"end":{"line":111,"column":40}},"loc":{"start":{"line":111,"column":45},"end":{"line":111,"column":72}},"line":111},"13":{"name":"(anonymous_13)","decl":{"start":{"line":138,"column":21},"end":{"line":138,"column":22}},"loc":{"start":{"line":138,"column":27},"end":{"line":138,"column":59}},"line":138}},"branchMap":{"0":{"loc":{"start":{"line":32,"column":4},"end":{"line":37,"column":5}},"type":"if","locations":[{"start":{"line":32,"column":4},"end":{"line":37,"column":5}},{"start":{"line":32,"column":4},"end":{"line":37,"column":5}}],"line":32},"1":{"loc":{"start":{"line":36,"column":6},"end":{"line":36,"column":74}},"type":"binary-expr","locations":[{"start":{"line":36,"column":6},"end":{"line":36,"column":18}},{"start":{"line":36,"column":22},"end":{"line":36,"column":74}}],"line":36},"2":{"loc":{"start":{"line":42,"column":4},"end":{"line":44,"column":5}},"type":"if","locations":[{"start":{"line":42,"column":4},"end":{"line":44,"column":5}},{"start":{"line":42,"column":4},"end":{"line":44,"column":5}}],"line":42},"3":{"loc":{"start":{"line":63,"column":4},"end":{"line":76,"column":5}},"type":"if","locations":[{"start":{"line":63,"column":4},"end":{"line":76,"column":5}},{"start":{"line":63,"column":4},"end":{"line":76,"column":5}}],"line":63}},"s":{"0":6,"1":6,"2":6,"3":1,"4":1,"5":6,"6":18,"7":3,"8":3,"9":3,"10":6,"11":1,"12":0,"13":0,"14":0,"15":0,"16":6,"17":0,"18":0,"19":0,"20":0,"21":6,"22":0,"23":0,"24":6,"25":0,"26":0,"27":0,"28":0,"29":6,"30":0,"31":0,"32":0,"33":1},"f":{"0":6,"1":6,"2":1,"3":18,"4":3,"5":1,"6":0,"7":0,"8":0,"9":0,"10":0,"11":0,"12":0,"13":0},"b":{"0":[0,0],"1":[0,0],"2":[0,0],"3":[0,0]},"_coverageSchema":"43e27e138ebf9cfc5966b082cf9a028302ed4184","hash":"c475e807970f1f1d6252672e458f11024e26f63e"}
,"E:\\Work\\6thSemester\\PROJECT_EResamont\\WorkSpace\\09StartSprint2AndAddReactTesting\\EResamont2\\shared\\LanguageContext.js": {"path":"E:\\Work\\6thSemester\\PROJECT_EResamont\\WorkSpace\\09StartSprint2AndAddReactTesting\\EResamont2\\shared\\LanguageContext.js","statementMap":{"0":{"start":{"line":3,"column":31},"end":{"line":8,"column":2}},"1":{"start":{"line":6,"column":4},"end":{"line":6,"column":32}}},"fnMap":{"0":{"name":"(anonymous_0)","decl":{"start":{"line":5,"column":15},"end":{"line":5,"column":16}},"loc":{"start":{"line":5,"column":30},"end":{"line":7,"column":3}},"line":5}},"branchMap":{},"s":{"0":1,"1":0},"f":{"0":0},"b":{},"_coverageSchema":"43e27e138ebf9cfc5966b082cf9a028302ed4184","hash":"56d28e765faf6a4f80d45da765383c0070f93564"}
,"E:\\Work\\6thSemester\\PROJECT_EResamont\\WorkSpace\\09StartSprint2AndAddReactTesting\\EResamont2\\styles\\global.js": {"path":"E:\\Work\\6thSemester\\PROJECT_EResamont\\WorkSpace\\09StartSprint2AndAddReactTesting\\EResamont2\\styles\\global.js","statementMap":{"0":{"start":{"line":3,"column":26},"end":{"line":3,"column":35}},"1":{"start":{"line":4,"column":28},"end":{"line":4,"column":37}},"2":{"start":{"line":5,"column":19},"end":{"line":5,"column":38}},"3":{"start":{"line":7,"column":20},"end":{"line":15,"column":1}},"4":{"start":{"line":16,"column":28},"end":{"line":91,"column":2}}},"fnMap":{},"branchMap":{},"s":{"0":1,"1":1,"2":1,"3":1,"4":1},"f":{},"b":{},"_coverageSchema":"43e27e138ebf9cfc5966b082cf9a028302ed4184","hash":"703aeb541c4089020794472068bf6f8fac08d53d"}
,"E:\\Work\\6thSemester\\PROJECT_EResamont\\WorkSpace\\09StartSprint2AndAddReactTesting\\EResamont2\\utils\\requestPage.js": {"path":"E:\\Work\\6thSemester\\PROJECT_EResamont\\WorkSpace\\09StartSprint2AndAddReactTesting\\EResamont2\\utils\\requestPage.js","statementMap":{"0":{"start":{"line":3,"column":21},"end":{"line":3,"column":58}},"1":{"start":{"line":7,"column":4},"end":{"line":7,"column":57}},"2":{"start":{"line":8,"column":4},"end":{"line":8,"column":40}},"3":{"start":{"line":9,"column":4},"end":{"line":22,"column":5}},"4":{"start":{"line":10,"column":21},"end":{"line":15,"column":8}},"5":{"start":{"line":16,"column":22},"end":{"line":16,"column":42}},"6":{"start":{"line":17,"column":6},"end":{"line":17,"column":63}},"7":{"start":{"line":18,"column":6},"end":{"line":18,"column":74}},"8":{"start":{"line":19,"column":6},"end":{"line":19,"column":35}},"9":{"start":{"line":21,"column":6},"end":{"line":21,"column":23}},"10":{"start":{"line":25,"column":4},"end":{"line":35,"column":5}},"11":{"start":{"line":26,"column":21},"end":{"line":31,"column":8}},"12":{"start":{"line":32,"column":6},"end":{"line":32,"column":35}},"13":{"start":{"line":34,"column":6},"end":{"line":34,"column":23}},"14":{"start":{"line":38,"column":4},"end":{"line":38,"column":57}},"15":{"start":{"line":39,"column":4},"end":{"line":39,"column":65}},"16":{"start":{"line":40,"column":4},"end":{"line":44,"column":5}},"17":{"start":{"line":41,"column":6},"end":{"line":41,"column":64}},"18":{"start":{"line":42,"column":6},"end":{"line":42,"column":50}},"19":{"start":{"line":43,"column":6},"end":{"line":43,"column":38}},"20":{"start":{"line":45,"column":4},"end":{"line":55,"column":5}},"21":{"start":{"line":46,"column":21},"end":{"line":51,"column":8}},"22":{"start":{"line":52,"column":6},"end":{"line":52,"column":35}},"23":{"start":{"line":54,"column":6},"end":{"line":54,"column":23}}},"fnMap":{"0":{"name":"(anonymous_0)","decl":{"start":{"line":6,"column":2},"end":{"line":6,"column":3}},"loc":{"start":{"line":6,"column":31},"end":{"line":23,"column":3}},"line":6},"1":{"name":"(anonymous_1)","decl":{"start":{"line":24,"column":2},"end":{"line":24,"column":3}},"loc":{"start":{"line":24,"column":29},"end":{"line":36,"column":3}},"line":24},"2":{"name":"(anonymous_2)","decl":{"start":{"line":37,"column":2},"end":{"line":37,"column":3}},"loc":{"start":{"line":37,"column":46},"end":{"line":56,"column":3}},"line":37}},"branchMap":{"0":{"loc":{"start":{"line":40,"column":4},"end":{"line":44,"column":5}},"type":"if","locations":[{"start":{"line":40,"column":4},"end":{"line":44,"column":5}},{"start":{"line":40,"column":4},"end":{"line":44,"column":5}}],"line":40}},"s":{"0":1,"1":0,"2":0,"3":0,"4":0,"5":0,"6":0,"7":0,"8":0,"9":0,"10":0,"11":0,"12":0,"13":0,"14":0,"15":0,"16":0,"17":0,"18":0,"19":0,"20":0,"21":0,"22":0,"23":0},"f":{"0":0,"1":0,"2":0},"b":{"0":[0,0]},"_coverageSchema":"43e27e138ebf9cfc5966b082cf9a028302ed4184","hash":"da7c6dc46a8935a726dbc65376c706109aa4da1a"}
,"E:\\Work\\6thSemester\\PROJECT_EResamont\\WorkSpace\\09StartSprint2AndAddReactTesting\\EResamont2\\utils\\storage.js": {"path":"E:\\Work\\6thSemester\\PROJECT_EResamont\\WorkSpace\\09StartSprint2AndAddReactTesting\\EResamont2\\utils\\storage.js","statementMap":{"0":{"start":{"line":6,"column":17},"end":{"line":6,"column":45}},"1":{"start":{"line":10,"column":4},"end":{"line":10,"column":57}},"2":{"start":{"line":11,"column":4},"end":{"line":11,"column":43}},"3":{"start":{"line":12,"column":17},"end":{"line":12,"column":21}},"4":{"start":{"line":13,"column":4},"end":{"line":19,"column":5}},"5":{"start":{"line":13,"column":17},"end":{"line":13,"column":18}},"6":{"start":{"line":14,"column":17},"end":{"line":14,"column":69}},"7":{"start":{"line":15,"column":6},"end":{"line":18,"column":7}},"8":{"start":{"line":16,"column":8},"end":{"line":16,"column":23}},"9":{"start":{"line":17,"column":8},"end":{"line":17,"column":64}},"10":{"start":{"line":21,"column":4},"end":{"line":21,"column":49}},"11":{"start":{"line":22,"column":4},"end":{"line":22,"column":18}},"12":{"start":{"line":26,"column":4},"end":{"line":26,"column":57}},"13":{"start":{"line":27,"column":4},"end":{"line":27,"column":48}},"14":{"start":{"line":28,"column":4},"end":{"line":38,"column":5}},"15":{"start":{"line":29,"column":6},"end":{"line":35,"column":9}},"16":{"start":{"line":30,"column":8},"end":{"line":33,"column":10}},"17":{"start":{"line":34,"column":8},"end":{"line":34,"column":67}},"18":{"start":{"line":37,"column":6},"end":{"line":37,"column":21}},"19":{"start":{"line":41,"column":4},"end":{"line":41,"column":57}},"20":{"start":{"line":42,"column":4},"end":{"line":42,"column":39}},"21":{"start":{"line":43,"column":4},"end":{"line":52,"column":5}},"22":{"start":{"line":44,"column":23},"end":{"line":44,"column":25}},"23":{"start":{"line":45,"column":6},"end":{"line":48,"column":7}},"24":{"start":{"line":45,"column":19},"end":{"line":45,"column":20}},"25":{"start":{"line":46,"column":22},"end":{"line":46,"column":79}},"26":{"start":{"line":47,"column":8},"end":{"line":47,"column":45}},"27":{"start":{"line":49,"column":6},"end":{"line":49,"column":30}},"28":{"start":{"line":51,"column":6},"end":{"line":51,"column":23}},"29":{"start":{"line":55,"column":4},"end":{"line":55,"column":57}},"30":{"start":{"line":56,"column":4},"end":{"line":56,"column":39}},"31":{"start":{"line":57,"column":4},"end":{"line":77,"column":5}},"32":{"start":{"line":58,"column":6},"end":{"line":58,"column":39}},"33":{"start":{"line":59,"column":6},"end":{"line":59,"column":19}},"34":{"start":{"line":61,"column":6},"end":{"line":76,"column":7}},"35":{"start":{"line":62,"column":8},"end":{"line":68,"column":11}},"36":{"start":{"line":63,"column":10},"end":{"line":66,"column":12}},"37":{"start":{"line":67,"column":10},"end":{"line":67,"column":71}},"38":{"start":{"line":69,"column":8},"end":{"line":69,"column":36}},"39":{"start":{"line":70,"column":24},"end":{"line":70,"column":44}},"40":{"start":{"line":71,"column":8},"end":{"line":71,"column":55}},"41":{"start":{"line":72,"column":8},"end":{"line":72,"column":76}},"42":{"start":{"line":73,"column":8},"end":{"line":73,"column":20}},"43":{"start":{"line":75,"column":8},"end":{"line":75,"column":25}},"44":{"start":{"line":80,"column":4},"end":{"line":80,"column":57}},"45":{"start":{"line":81,"column":4},"end":{"line":81,"column":39}},"46":{"start":{"line":82,"column":4},"end":{"line":91,"column":5}},"47":{"start":{"line":83,"column":6},"end":{"line":87,"column":7}},"48":{"start":{"line":83,"column":19},"end":{"line":83,"column":20}},"49":{"start":{"line":84,"column":8},"end":{"line":86,"column":11}},"50":{"start":{"line":88,"column":6},"end":{"line":88,"column":40}},"51":{"start":{"line":90,"column":6},"end":{"line":90,"column":21}},"52":{"start":{"line":94,"column":19},"end":{"line":94,"column":44}},"53":{"start":{"line":95,"column":4},"end":{"line":95,"column":57}},"54":{"start":{"line":96,"column":4},"end":{"line":96,"column":39}},"55":{"start":{"line":97,"column":17},"end":{"line":97,"column":20}},"56":{"start":{"line":98,"column":4},"end":{"line":104,"column":5}},"57":{"start":{"line":99,"column":6},"end":{"line":99,"column":71}},"58":{"start":{"line":100,"column":6},"end":{"line":100,"column":32}},"59":{"start":{"line":102,"column":6},"end":{"line":102,"column":45}},"60":{"start":{"line":103,"column":6},"end":{"line":103,"column":16}},"61":{"start":{"line":107,"column":19},"end":{"line":107,"column":44}},"62":{"start":{"line":108,"column":4},"end":{"line":108,"column":57}},"63":{"start":{"line":109,"column":4},"end":{"line":109,"column":38}},"64":{"start":{"line":110,"column":4},"end":{"line":110,"column":23}},"65":{"start":{"line":112,"column":22},"end":{"line":115,"column":5}},"66":{"start":{"line":116,"column":24},"end":{"line":116,"column":26}},"67":{"start":{"line":117,"column":30},"end":{"line":117,"column":32}},"68":{"start":{"line":118,"column":4},"end":{"line":118,"column":53}},"69":{"start":{"line":119,"column":4},"end":{"line":121,"column":5}},"70":{"start":{"line":120,"column":6},"end":{"line":120,"column":25}},"71":{"start":{"line":122,"column":4},"end":{"line":141,"column":5}},"72":{"start":{"line":123,"column":6},"end":{"line":123,"column":49}},"73":{"start":{"line":124,"column":6},"end":{"line":140,"column":7}},"74":{"start":{"line":125,"column":8},"end":{"line":125,"column":51}},"75":{"start":{"line":126,"column":8},"end":{"line":128,"column":9}},"76":{"start":{"line":126,"column":21},"end":{"line":126,"column":22}},"77":{"start":{"line":127,"column":10},"end":{"line":127,"column":53}},"78":{"start":{"line":130,"column":8},"end":{"line":130,"column":46}},"79":{"start":{"line":131,"column":8},"end":{"line":131,"column":80}},"80":{"start":{"line":132,"column":8},"end":{"line":135,"column":10}},"81":{"start":{"line":136,"column":8},"end":{"line":136,"column":36}},"82":{"start":{"line":138,"column":8},"end":{"line":138,"column":41}},"83":{"start":{"line":139,"column":8},"end":{"line":139,"column":23}},"84":{"start":{"line":144,"column":19},"end":{"line":144,"column":44}},"85":{"start":{"line":145,"column":4},"end":{"line":145,"column":57}},"86":{"start":{"line":146,"column":4},"end":{"line":146,"column":56}},"87":{"start":{"line":147,"column":4},"end":{"line":155,"column":5}},"88":{"start":{"line":148,"column":6},"end":{"line":150,"column":9}},"89":{"start":{"line":151,"column":6},"end":{"line":151,"column":42}},"90":{"start":{"line":152,"column":6},"end":{"line":152,"column":65}},"91":{"start":{"line":154,"column":6},"end":{"line":154,"column":21}},"92":{"start":{"line":159,"column":19},"end":{"line":159,"column":32}},"93":{"start":{"line":160,"column":4},"end":{"line":166,"column":5}},"94":{"start":{"line":162,"column":8},"end":{"line":162,"column":35}},"95":{"start":{"line":163,"column":8},"end":{"line":163,"column":14}},"96":{"start":{"line":165,"column":8},"end":{"line":165,"column":37}},"97":{"start":{"line":167,"column":4},"end":{"line":167,"column":20}},"98":{"start":{"line":170,"column":4},"end":{"line":170,"column":57}},"99":{"start":{"line":171,"column":4},"end":{"line":171,"column":45}},"100":{"start":{"line":172,"column":4},"end":{"line":178,"column":5}},"101":{"start":{"line":173,"column":21},"end":{"line":173,"column":59}},"102":{"start":{"line":174,"column":6},"end":{"line":174,"column":38}},"103":{"start":{"line":176,"column":6},"end":{"line":176,"column":21}},"104":{"start":{"line":177,"column":6},"end":{"line":177,"column":15}},"105":{"start":{"line":182,"column":4},"end":{"line":182,"column":57}},"106":{"start":{"line":183,"column":4},"end":{"line":183,"column":43}},"107":{"start":{"line":184,"column":4},"end":{"line":189,"column":5}},"108":{"start":{"line":185,"column":6},"end":{"line":185,"column":66}},"109":{"start":{"line":186,"column":6},"end":{"line":186,"column":37}},"110":{"start":{"line":188,"column":6},"end":{"line":188,"column":21}}},"fnMap":{"0":{"name":"(anonymous_0)","decl":{"start":{"line":9,"column":2},"end":{"line":9,"column":3}},"loc":{"start":{"line":9,"column":35},"end":{"line":23,"column":3}},"line":9},"1":{"name":"(anonymous_1)","decl":{"start":{"line":25,"column":2},"end":{"line":25,"column":3}},"loc":{"start":{"line":25,"column":41},"end":{"line":39,"column":3}},"line":25},"2":{"name":"(anonymous_2)","decl":{"start":{"line":29,"column":19},"end":{"line":29,"column":20}},"loc":{"start":{"line":29,"column":27},"end":{"line":35,"column":7}},"line":29},"3":{"name":"(anonymous_3)","decl":{"start":{"line":40,"column":2},"end":{"line":40,"column":3}},"loc":{"start":{"line":40,"column":36},"end":{"line":53,"column":3}},"line":40},"4":{"name":"(anonymous_4)","decl":{"start":{"line":54,"column":2},"end":{"line":54,"column":3}},"loc":{"start":{"line":54,"column":40},"end":{"line":78,"column":3}},"line":54},"5":{"name":"(anonymous_5)","decl":{"start":{"line":62,"column":21},"end":{"line":62,"column":22}},"loc":{"start":{"line":62,"column":29},"end":{"line":68,"column":9}},"line":62},"6":{"name":"(anonymous_6)","decl":{"start":{"line":79,"column":2},"end":{"line":79,"column":3}},"loc":{"start":{"line":79,"column":39},"end":{"line":92,"column":3}},"line":79},"7":{"name":"(anonymous_7)","decl":{"start":{"line":93,"column":2},"end":{"line":93,"column":3}},"loc":{"start":{"line":93,"column":37},"end":{"line":105,"column":3}},"line":93},"8":{"name":"(anonymous_8)","decl":{"start":{"line":106,"column":2},"end":{"line":106,"column":3}},"loc":{"start":{"line":106,"column":45},"end":{"line":142,"column":3}},"line":106},"9":{"name":"(anonymous_9)","decl":{"start":{"line":143,"column":2},"end":{"line":143,"column":3}},"loc":{"start":{"line":143,"column":40},"end":{"line":156,"column":3}},"line":143},"10":{"name":"(anonymous_10)","decl":{"start":{"line":158,"column":2},"end":{"line":158,"column":3}},"loc":{"start":{"line":158,"column":30},"end":{"line":168,"column":3}},"line":158},"11":{"name":"(anonymous_11)","decl":{"start":{"line":169,"column":2},"end":{"line":169,"column":3}},"loc":{"start":{"line":169,"column":36},"end":{"line":179,"column":3}},"line":169},"12":{"name":"(anonymous_12)","decl":{"start":{"line":181,"column":2},"end":{"line":181,"column":3}},"loc":{"start":{"line":181,"column":44},"end":{"line":190,"column":3}},"line":181}},"branchMap":{"0":{"loc":{"start":{"line":15,"column":6},"end":{"line":18,"column":7}},"type":"if","locations":[{"start":{"line":15,"column":6},"end":{"line":18,"column":7}},{"start":{"line":15,"column":6},"end":{"line":18,"column":7}}],"line":15},"1":{"loc":{"start":{"line":15,"column":10},"end":{"line":15,"column":61}},"type":"binary-expr","locations":[{"start":{"line":15,"column":10},"end":{"line":15,"column":31}},{"start":{"line":15,"column":35},"end":{"line":15,"column":61}}],"line":15},"2":{"loc":{"start":{"line":57,"column":4},"end":{"line":77,"column":5}},"type":"if","locations":[{"start":{"line":57,"column":4},"end":{"line":77,"column":5}},{"start":{"line":57,"column":4},"end":{"line":77,"column":5}}],"line":57},"3":{"loc":{"start":{"line":119,"column":4},"end":{"line":121,"column":5}},"type":"if","locations":[{"start":{"line":119,"column":4},"end":{"line":121,"column":5}},{"start":{"line":119,"column":4},"end":{"line":121,"column":5}}],"line":119},"4":{"loc":{"start":{"line":122,"column":4},"end":{"line":141,"column":5}},"type":"if","locations":[{"start":{"line":122,"column":4},"end":{"line":141,"column":5}},{"start":{"line":122,"column":4},"end":{"line":141,"column":5}}],"line":122},"5":{"loc":{"start":{"line":160,"column":4},"end":{"line":166,"column":5}},"type":"switch","locations":[{"start":{"line":161,"column":6},"end":{"line":163,"column":14}},{"start":{"line":164,"column":6},"end":{"line":165,"column":37}}],"line":160}},"s":{"0":1,"1":0,"2":0,"3":0,"4":0,"5":0,"6":0,"7":0,"8":0,"9":0,"10":0,"11":0,"12":0,"13":0,"14":0,"15":0,"16":0,"17":0,"18":0,"19":0,"20":0,"21":0,"22":0,"23":0,"24":0,"25":0,"26":0,"27":0,"28":0,"29":0,"30":0,"31":0,"32":0,"33":0,"34":0,"35":0,"36":0,"37":0,"38":0,"39":0,"40":0,"41":0,"42":0,"43":0,"44":0,"45":0,"46":0,"47":0,"48":0,"49":0,"50":0,"51":0,"52":0,"53":0,"54":0,"55":0,"56":0,"57":0,"58":0,"59":0,"60":0,"61":0,"62":0,"63":0,"64":0,"65":0,"66":0,"67":0,"68":0,"69":0,"70":0,"71":0,"72":0,"73":0,"74":0,"75":0,"76":0,"77":0,"78":0,"79":0,"80":0,"81":0,"82":0,"83":0,"84":0,"85":0,"86":0,"87":0,"88":0,"89":0,"90":0,"91":0,"92":0,"93":0,"94":0,"95":0,"96":0,"97":0,"98":0,"99":0,"100":0,"101":0,"102":0,"103":0,"104":0,"105":3,"106":3,"107":3,"108":3,"109":0,"110":0},"f":{"0":0,"1":0,"2":0,"3":0,"4":0,"5":0,"6":0,"7":0,"8":0,"9":0,"10":0,"11":0,"12":3},"b":{"0":[0,0],"1":[0,0],"2":[0,0],"3":[0,0],"4":[0,0],"5":[0,0]},"_coverageSchema":"43e27e138ebf9cfc5966b082cf9a028302ed4184","hash":"8d7b312413362962aac3a81be2559e4c0bc68cec"}
}
