TN:
SF:E:\Work\6thSemester\PROJECT_EResamont\WorkSpace\07AddUnitTest\EResamont2\App.js
FN:5,App
FNF:1
FNH:1
FNDA:2,App
DA:6,2
DA:8,2
LF:2
LH:2
BRF:0
BRH:0
end_of_record
TN:
SF:E:\Work\6thSemester\PROJECT_EResamont\WorkSpace\07AddUnitTest\EResamont2\assets\images\logo_eresamont.png
FNF:0
FNH:0
DA:1,1
LF:1
LH:1
BRF:0
BRH:0
end_of_record
TN:
SF:E:\Work\6thSemester\PROJECT_EResamont\WorkSpace\07AddUnitTest\EResamont2\assets\images\mountain.jpg
FNF:0
FNH:0
DA:1,3
LF:1
LH:1
BRF:0
BRH:0
end_of_record
TN:
SF:E:\Work\6thSemester\PROJECT_EResamont\WorkSpace\07AddUnitTest\EResamont2\assets\test-pages\Pages.js
FNF:0
FNH:0
DA:1,2
DA:51,2
DA:101,2
DA:272,2
LF:4
LH:4
BRF:0
BRH:0
end_of_record
TN:
SF:E:\Work\6thSemester\PROJECT_EResamont\WorkSpace\07AddUnitTest\EResamont2\components\ButtonView.js
FN:4,(anonymous_0)
FNF:1
FNH:1
FNDA:12,(anonymous_0)
DA:4,3
DA:5,12
LF:2
LH:2
BRF:0
BRH:0
end_of_record
TN:
SF:E:\Work\6thSemester\PROJECT_EResamont\WorkSpace\07AddUnitTest\EResamont2\components\CustomDrawer.js
FN:16,CustomDrawer
FN:19,(anonymous_1)
FN:19,(anonymous_2)
FN:24,(anonymous_3)
FN:24,(anonymous_4)
FN:28,(anonymous_5)
FN:37,(anonymous_6)
FN:44,(anonymous_7)
FN:49,(anonymous_8)
FN:102,(anonymous_9)
FNF:10
FNH:3
FNDA:1,CustomDrawer
FNDA:1,(anonymous_1)
FNDA:0,(anonymous_2)
FNDA:3,(anonymous_3)
FNDA:0,(anonymous_4)
FNDA:0,(anonymous_5)
FNDA:0,(anonymous_6)
FNDA:0,(anonymous_7)
FNDA:0,(anonymous_8)
FNDA:0,(anonymous_9)
DA:17,1
DA:19,1
DA:20,0
DA:21,0
DA:24,3
DA:25,0
DA:26,0
DA:28,1
DA:29,0
DA:30,0
DA:31,0
DA:33,0
DA:34,0
DA:37,1
DA:38,0
DA:39,0
DA:40,0
DA:41,0
DA:44,1
DA:45,0
DA:49,0
DA:58,1
DA:102,0
DA:109,1
LF:24
LH:8
BRDA:30,0,0,0
BRDA:30,0,1,0
BRDA:34,1,0,0
BRDA:34,1,1,0
BRDA:40,2,0,0
BRDA:40,2,1,0
BRF:6
BRH:0
end_of_record
TN:
SF:E:\Work\6thSemester\PROJECT_EResamont\WorkSpace\07AddUnitTest\EResamont2\components\Header.js
FN:5,Header
FN:6,(anonymous_1)
FNF:2
FNH:1
FNDA:1,Header
FNDA:0,(anonymous_1)
DA:6,1
DA:7,0
DA:10,1
DA:25,1
LF:4
LH:3
BRF:0
BRH:0
end_of_record
TN:
SF:E:\Work\6thSemester\PROJECT_EResamont\WorkSpace\07AddUnitTest\EResamont2\screens\Home.js
FN:22,Home
FN:26,(anonymous_1)
FN:29,(anonymous_2)
FN:41,(anonymous_3)
FN:47,(anonymous_4)
FN:49,(anonymous_5)
FN:69,(anonymous_6)
FN:77,(anonymous_7)
FNF:8
FNH:1
FNDA:1,Home
FNDA:0,(anonymous_1)
FNDA:0,(anonymous_2)
FNDA:0,(anonymous_3)
FNDA:0,(anonymous_4)
FNDA:0,(anonymous_5)
FNDA:0,(anonymous_6)
FNDA:0,(anonymous_7)
DA:23,1
DA:24,1
DA:26,1
DA:27,0
DA:29,1
DA:32,0
DA:33,0
DA:34,0
DA:35,0
DA:37,0
DA:39,0
DA:41,1
DA:42,0
DA:43,0
DA:44,0
DA:45,0
DA:47,1
DA:48,0
DA:49,0
DA:50,0
DA:51,0
DA:54,1
DA:70,0
DA:77,0
DA:93,1
LF:25
LH:8
BRDA:34,0,0,0
BRDA:34,0,1,0
BRDA:68,1,0,0
BRDA:68,1,1,1
BRF:4
BRH:1
end_of_record
TN:
SF:E:\Work\6thSemester\PROJECT_EResamont\WorkSpace\07AddUnitTest\EResamont2\screens\SubScreen.js
FN:15,SubScreen
FN:78,(anonymous_1)
FN:88,(anonymous_2)
FN:109,(anonymous_3)
FN:119,(anonymous_4)
FNF:5
FNH:3
FNDA:7,SubScreen
FNDA:4,(anonymous_1)
FNDA:0,(anonymous_2)
FNDA:4,(anonymous_3)
FNDA:0,(anonymous_4)
DA:16,7
DA:17,7
DA:19,7
DA:20,5
DA:48,2
DA:54,1
DA:79,4
DA:89,0
DA:99,1
DA:110,4
DA:120,0
DA:132,1
DA:133,1
LF:13
LH:11
BRDA:19,0,0,5
BRDA:19,0,1,2
BRDA:22,1,0,5
BRDA:22,1,1,4
BRDA:22,1,2,5
BRDA:30,2,0,1
BRDA:30,2,1,4
BRDA:48,3,0,1
BRDA:48,3,1,1
BRDA:49,4,0,2
BRDA:49,4,1,1
BRDA:64,5,0,1
BRDA:64,5,1,0
BRDA:79,6,0,4
BRDA:79,6,1,4
BRDA:110,7,0,4
BRDA:110,7,1,4
BRF:17
BRH:16
end_of_record
TN:
SF:E:\Work\6thSemester\PROJECT_EResamont\WorkSpace\07AddUnitTest\EResamont2\shared\LanguageContext.js
FNF:0
FNH:0
DA:3,4
LF:1
LH:1
BRF:0
BRH:0
end_of_record
TN:
SF:E:\Work\6thSemester\PROJECT_EResamont\WorkSpace\07AddUnitTest\EResamont2\styles\global.js
FNF:0
FNH:0
DA:3,4
DA:4,4
DA:5,4
DA:7,4
DA:16,4
LF:5
LH:5
BRF:0
BRH:0
end_of_record
TN:
SF:E:\Work\6thSemester\PROJECT_EResamont\WorkSpace\07AddUnitTest\EResamont2\utils\requestPage.js
FN:6,(anonymous_0)
FN:24,(anonymous_1)
FN:37,(anonymous_2)
FNF:3
FNH:3
FNDA:1,(anonymous_0)
FNDA:1,(anonymous_1)
FNDA:1,(anonymous_2)
DA:3,3
DA:7,1
DA:8,1
DA:9,1
DA:10,1
DA:16,0
DA:17,0
DA:18,0
DA:19,0
DA:21,1
DA:25,1
DA:26,1
DA:32,0
DA:34,1
DA:38,1
DA:39,1
DA:40,1
DA:41,0
DA:42,0
DA:43,0
DA:45,1
DA:46,1
DA:52,0
DA:54,1
LF:24
LH:15
BRDA:40,0,0,0
BRDA:40,0,1,1
BRF:2
BRH:1
end_of_record
TN:
SF:E:\Work\6thSemester\PROJECT_EResamont\WorkSpace\07AddUnitTest\EResamont2\utils\storage.js
FN:9,(anonymous_0)
FN:25,(anonymous_1)
FN:29,(anonymous_2)
FN:40,(anonymous_3)
FN:54,(anonymous_4)
FN:62,(anonymous_5)
FN:79,(anonymous_6)
FNF:7
FNH:5
FNDA:1,(anonymous_0)
FNDA:1,(anonymous_1)
FNDA:0,(anonymous_2)
FNDA:1,(anonymous_3)
FNDA:1,(anonymous_4)
FNDA:0,(anonymous_5)
FNDA:1,(anonymous_6)
DA:6,3
DA:10,1
DA:11,1
DA:12,1
DA:13,1
DA:14,7
DA:15,7
DA:16,0
DA:17,0
DA:21,1
DA:22,1
DA:26,1
DA:27,1
DA:28,1
DA:29,1
DA:30,0
DA:34,0
DA:37,1
DA:41,1
DA:42,1
DA:43,1
DA:44,1
DA:45,1
DA:46,1
DA:47,1
DA:49,0
DA:51,1
DA:55,1
DA:56,1
DA:57,1
DA:58,0
DA:59,0
DA:61,1
DA:62,1
DA:63,0
DA:67,0
DA:69,0
DA:70,0
DA:71,0
DA:72,0
DA:73,0
DA:75,1
DA:80,1
DA:81,1
DA:82,1
DA:83,1
DA:84,7
DA:88,1
DA:90,0
LF:49
LH:34
BRDA:15,0,0,0
BRDA:15,0,1,7
BRDA:15,1,0,7
BRDA:15,1,1,0
BRDA:57,2,0,0
BRDA:57,2,1,1
BRF:6
BRH:3
end_of_record
TN:
SF:E:\Work\6thSemester\PROJECT_EResamont\WorkSpace\07AddUnitTest\EResamont2\utils\utilities.js
FN:2,(anonymous_0)
FN:3,(anonymous_1)
FNF:2
FNH:2
FNDA:32,(anonymous_0)
FNDA:64,(anonymous_1)
DA:3,64
DA:4,32
LF:2
LH:2
BRF:0
BRH:0
end_of_record
