TN:
SF:E:\Work\6thSemester\PROJECT_EResamont\WorkSpace\09StartSprint2AndAddReactTesting\EResamont2\App.js
FN:5,App
FN:7,(anonymous_1)
FN:11,(anonymous_2)
FNF:3
FNH:3
FNDA:2,App
FNDA:1,(anonymous_1)
FNDA:1,(anonymous_2)
DA:6,2
DA:7,2
DA:8,1
DA:11,2
DA:12,1
DA:13,0
DA:14,0
DA:17,2
LF:8
LH:6
BRDA:13,0,0,0
BRDA:13,0,1,0
BRDA:13,1,0,0
BRDA:13,1,1,0
BRF:4
BRH:0
end_of_record
TN:
SF:E:\Work\6thSemester\PROJECT_EResamont\WorkSpace\09StartSprint2AndAddReactTesting\EResamont2\assets\images\logo_eresamont.png
FNF:0
FNH:0
DA:1,1
LF:1
LH:1
BRF:0
BRH:0
end_of_record
TN:
SF:E:\Work\6thSemester\PROJECT_EResamont\WorkSpace\09StartSprint2AndAddReactTesting\EResamont2\assets\images\mountain.jpg
FNF:0
FNH:0
DA:1,3
LF:1
LH:1
BRF:0
BRH:0
end_of_record
TN:
SF:E:\Work\6thSemester\PROJECT_EResamont\WorkSpace\09StartSprint2AndAddReactTesting\EResamont2\assets\test-pages\Pages.js
FNF:0
FNH:0
DA:1,2
DA:51,2
DA:101,2
DA:272,2
LF:4
LH:4
BRF:0
BRH:0
end_of_record
TN:
SF:E:\Work\6thSemester\PROJECT_EResamont\WorkSpace\09StartSprint2AndAddReactTesting\EResamont2\components\ButtonView.js
FN:4,(anonymous_0)
FNF:1
FNH:1
FNDA:36,(anonymous_0)
DA:4,3
DA:5,36
LF:2
LH:2
BRF:0
BRH:0
end_of_record
TN:
SF:E:\Work\6thSemester\PROJECT_EResamont\WorkSpace\09StartSprint2AndAddReactTesting\EResamont2\components\CustomDrawer.js
FN:17,CustomDrawer
FN:20,(anonymous_1)
FN:20,(anonymous_2)
FN:25,(anonymous_3)
FN:25,(anonymous_4)
FN:30,(anonymous_5)
FN:40,(anonymous_6)
FN:47,(anonymous_7)
FN:52,(anonymous_8)
FN:62,(anonymous_9)
FN:69,(anonymous_10)
FN:106,(anonymous_11)
FN:112,(anonymous_12)
FN:139,(anonymous_13)
FNF:14
FNH:6
FNDA:7,CustomDrawer
FNDA:7,(anonymous_1)
FNDA:1,(anonymous_2)
FNDA:21,(anonymous_3)
FNDA:3,(anonymous_4)
FNDA:2,(anonymous_5)
FNDA:0,(anonymous_6)
FNDA:0,(anonymous_7)
FNDA:0,(anonymous_8)
FNDA:0,(anonymous_9)
FNDA:0,(anonymous_10)
FNDA:0,(anonymous_11)
FNDA:0,(anonymous_12)
FNDA:0,(anonymous_13)
DA:18,7
DA:20,7
DA:21,1
DA:22,1
DA:25,21
DA:26,3
DA:27,3
DA:28,3
DA:30,7
DA:31,2
DA:32,2
DA:33,2
DA:34,1
DA:36,1
DA:37,1
DA:40,7
DA:41,0
DA:42,0
DA:43,0
DA:44,0
DA:47,7
DA:48,0
DA:52,0
DA:62,7
DA:63,0
DA:64,0
DA:65,0
DA:69,0
DA:80,7
DA:106,0
DA:112,0
DA:139,0
DA:146,1
LF:33
LH:20
BRDA:33,0,0,1
BRDA:33,0,1,1
BRDA:37,1,0,1
BRDA:37,1,1,1
BRDA:43,2,0,0
BRDA:43,2,1,0
BRDA:64,3,0,0
BRDA:64,3,1,0
BRF:8
BRH:4
end_of_record
TN:
SF:E:\Work\6thSemester\PROJECT_EResamont\WorkSpace\09StartSprint2AndAddReactTesting\EResamont2\components\Header.js
FN:8,Header
FN:11,(anonymous_1)
FN:14,(anonymous_2)
FNF:3
FNH:3
FNDA:3,Header
FNDA:1,(anonymous_1)
FNDA:3,(anonymous_2)
DA:9,3
DA:11,3
DA:12,1
DA:14,3
DA:15,3
DA:16,2
DA:18,1
DA:22,3
DA:38,1
LF:9
LH:9
BRDA:15,0,0,2
BRDA:15,0,1,1
BRDA:15,1,0,3
BRDA:15,1,1,3
BRDA:32,2,0,3
BRDA:32,2,1,3
BRF:6
BRH:6
end_of_record
TN:
SF:E:\Work\6thSemester\PROJECT_EResamont\WorkSpace\09StartSprint2AndAddReactTesting\EResamont2\screens\Home.js
FN:22,Home
FN:26,(anonymous_1)
FN:29,(anonymous_2)
FN:41,(anonymous_3)
FN:47,(anonymous_4)
FN:49,(anonymous_5)
FN:69,(anonymous_6)
FN:77,(anonymous_7)
FNF:8
FNH:3
FNDA:1,Home
FNDA:1,(anonymous_1)
FNDA:1,(anonymous_2)
FNDA:0,(anonymous_3)
FNDA:0,(anonymous_4)
FNDA:0,(anonymous_5)
FNDA:0,(anonymous_6)
FNDA:0,(anonymous_7)
DA:23,1
DA:24,1
DA:26,1
DA:27,1
DA:29,1
DA:32,1
DA:33,1
DA:34,0
DA:35,0
DA:37,0
DA:39,0
DA:41,1
DA:42,0
DA:43,0
DA:44,0
DA:45,0
DA:47,1
DA:48,0
DA:49,0
DA:50,0
DA:51,0
DA:54,1
DA:70,0
DA:77,0
DA:93,1
LF:25
LH:11
BRDA:34,0,0,0
BRDA:34,0,1,0
BRDA:68,1,0,0
BRDA:68,1,1,1
BRF:4
BRH:1
end_of_record
TN:
SF:E:\Work\6thSemester\PROJECT_EResamont\WorkSpace\09StartSprint2AndAddReactTesting\EResamont2\screens\SubScreen.js
FN:16,SubScreen
FN:20,(anonymous_1)
FN:43,(anonymous_2)
FN:80,(anonymous_3)
FN:118,(anonymous_4)
FN:128,(anonymous_5)
FN:150,(anonymous_6)
FN:160,(anonymous_7)
FNF:8
FNH:5
FNDA:7,SubScreen
FNDA:10,(anonymous_1)
FNDA:5,(anonymous_2)
FNDA:0,(anonymous_3)
FNDA:4,(anonymous_4)
FNDA:0,(anonymous_5)
FNDA:4,(anonymous_6)
FNDA:0,(anonymous_7)
DA:17,7
DA:18,7
DA:20,7
DA:21,10
DA:22,10
DA:29,5
DA:30,5
DA:36,2
DA:38,3
DA:40,10
DA:43,7
DA:45,5
DA:46,5
DA:48,0
DA:50,0
DA:52,0
DA:54,0
DA:57,5
DA:58,5
DA:60,5
DA:62,7
DA:64,5
DA:81,0
DA:92,2
DA:94,1
DA:119,4
DA:129,0
DA:138,1
DA:140,1
DA:151,4
DA:161,0
DA:171,0
DA:175,1
DA:176,1
LF:34
LH:26
BRDA:22,0,0,5
BRDA:22,0,1,5
BRDA:23,1,0,10
BRDA:23,1,1,5
BRDA:23,1,2,4
BRDA:30,2,0,2
BRDA:30,2,1,3
BRDA:31,3,0,5
BRDA:31,3,1,3
BRDA:46,4,0,0
BRDA:46,4,1,0
BRDA:46,4,2,5
BRDA:62,5,0,5
BRDA:62,5,1,2
BRDA:70,6,0,1
BRDA:70,6,1,4
BRDA:84,7,0,5
BRDA:84,7,1,5
BRDA:92,8,0,1
BRDA:92,8,1,1
BRDA:104,9,0,1
BRDA:104,9,1,0
BRDA:119,10,0,4
BRDA:119,10,1,4
BRDA:138,11,0,1
BRDA:138,11,1,0
BRDA:151,12,0,4
BRDA:151,12,1,4
BRF:28
BRH:24
end_of_record
TN:
SF:E:\Work\6thSemester\PROJECT_EResamont\WorkSpace\09StartSprint2AndAddReactTesting\EResamont2\shared\LanguageContext.js
FN:5,(anonymous_0)
FNF:1
FNH:0
FNDA:0,(anonymous_0)
DA:3,5
DA:6,0
LF:2
LH:1
BRF:0
BRH:0
end_of_record
TN:
SF:E:\Work\6thSemester\PROJECT_EResamont\WorkSpace\09StartSprint2AndAddReactTesting\EResamont2\styles\global.js
FNF:0
FNH:0
DA:3,4
DA:4,4
DA:5,4
DA:7,4
DA:16,4
LF:5
LH:5
BRF:0
BRH:0
end_of_record
TN:
SF:E:\Work\6thSemester\PROJECT_EResamont\WorkSpace\09StartSprint2AndAddReactTesting\EResamont2\utils\requestPage.js
FN:6,(anonymous_0)
FN:24,(anonymous_1)
FN:37,(anonymous_2)
FNF:3
FNH:3
FNDA:2,(anonymous_0)
FNDA:2,(anonymous_1)
FNDA:3,(anonymous_2)
DA:3,3
DA:7,2
DA:8,2
DA:9,2
DA:10,2
DA:16,2
DA:17,2
DA:18,2
DA:19,2
DA:21,1
DA:25,2
DA:26,2
DA:32,2
DA:34,1
DA:38,3
DA:39,3
DA:40,3
DA:41,1
DA:42,1
DA:43,1
DA:45,3
DA:46,3
DA:52,3
DA:54,1
LF:24
LH:24
BRDA:40,0,0,1
BRDA:40,0,1,2
BRF:2
BRH:2
end_of_record
TN:
SF:E:\Work\6thSemester\PROJECT_EResamont\WorkSpace\09StartSprint2AndAddReactTesting\EResamont2\utils\storage.js
FN:9,(anonymous_0)
FN:26,(anonymous_1)
FN:30,(anonymous_2)
FN:41,(anonymous_3)
FN:55,(anonymous_4)
FN:63,(anonymous_5)
FN:80,(anonymous_6)
FN:94,(anonymous_7)
FN:107,(anonymous_8)
FN:144,(anonymous_9)
FN:159,(anonymous_10)
FN:170,(anonymous_11)
FN:182,(anonymous_12)
FNF:13
FNH:13
FNDA:2,(anonymous_0)
FNDA:2,(anonymous_1)
FNDA:3,(anonymous_2)
FNDA:2,(anonymous_3)
FNDA:3,(anonymous_4)
FNDA:3,(anonymous_5)
FNDA:2,(anonymous_6)
FNDA:2,(anonymous_7)
FNDA:4,(anonymous_8)
FNDA:2,(anonymous_9)
FNDA:8,(anonymous_10)
FNDA:3,(anonymous_11)
FNDA:5,(anonymous_12)
DA:6,5
DA:10,2
DA:11,2
DA:12,2
DA:13,2
DA:14,8
DA:15,8
DA:16,1
DA:17,1
DA:18,1
DA:22,2
DA:23,2
DA:27,2
DA:28,2
DA:29,2
DA:30,2
DA:31,3
DA:35,3
DA:38,1
DA:42,2
DA:43,2
DA:44,2
DA:45,2
DA:46,2
DA:47,8
DA:48,8
DA:50,1
DA:52,1
DA:56,3
DA:57,3
DA:58,3
DA:59,1
DA:60,1
DA:62,2
DA:63,2
DA:64,3
DA:68,3
DA:70,1
DA:71,1
DA:72,1
DA:73,1
DA:74,1
DA:76,1
DA:81,2
DA:82,2
DA:83,2
DA:84,2
DA:85,8
DA:89,1
DA:91,1
DA:95,2
DA:96,2
DA:97,2
DA:98,2
DA:99,2
DA:100,2
DA:101,2
DA:103,1
DA:104,1
DA:108,4
DA:109,4
DA:110,4
DA:111,4
DA:113,4
DA:117,4
DA:118,4
DA:119,4
DA:120,4
DA:121,2
DA:123,4
DA:124,3
DA:125,3
DA:126,3
DA:127,3
DA:128,2
DA:131,3
DA:132,3
DA:133,3
DA:137,2
DA:139,1
DA:140,1
DA:145,2
DA:146,2
DA:147,2
DA:148,2
DA:149,2
DA:152,1
DA:153,1
DA:155,1
DA:160,8
DA:161,8
DA:163,2
DA:164,2
DA:166,6
DA:168,8
DA:171,3
DA:172,3
DA:173,3
DA:174,3
DA:175,1
DA:177,1
DA:178,1
DA:183,5
DA:184,5
DA:185,5
DA:186,5
DA:187,1
DA:189,1
LF:108
LH:108
BRDA:15,0,0,1
BRDA:15,0,1,7
BRDA:15,1,0,8
BRDA:15,1,1,1
BRDA:58,2,0,1
BRDA:58,2,1,2
BRDA:120,3,0,2
BRDA:120,3,1,2
BRDA:123,4,0,3
BRDA:123,4,1,1
BRDA:161,5,0,2
BRDA:161,5,1,6
BRF:12
BRH:12
end_of_record
TN:
SF:E:\Work\6thSemester\PROJECT_EResamont\WorkSpace\09StartSprint2AndAddReactTesting\EResamont2\utils\utilities.js
FN:2,(anonymous_0)
FN:3,(anonymous_1)
FNF:2
FNH:2
FNDA:39,(anonymous_0)
FNDA:75,(anonymous_1)
DA:3,75
DA:4,39
DA:5,1
DA:7,39
LF:4
LH:4
BRDA:4,0,0,1
BRDA:4,0,1,38
BRF:2
BRH:2
end_of_record
